1761653186.284426 client started (257519): version 3.5a, socket /tmp/tmux-1000/default, protocol 8
1761653186.284443 on Linux 6.17.3-200.nobara.fc42.x86_64 #1 SMP PREEMPT_DYNAMIC Wed Oct 15 16:33:09 UTC 2025
1761653186.284450 using libevent 2.1.12-stable poll
1761653186.284453 using ncurses 6.5 20240629
1761653186.284472 flags are 0x18010000
1761653186.284480 socket is /tmp/tmux-1000/default
1761653186.284489 trying connect
1761653186.284540 add peer 0x55f74a1c9930: 6 ((nil))
1761653186.284730 sending message 111 to peer 0x55f74a1c9930 (8 bytes)
1761653186.284747 sending message 111 to peer 0x55f74a1c9930 (8 bytes)
1761653186.284749 sending message 101 to peer 0x55f74a1c9930 (15 bytes)
1761653186.284751 sending message 109 to peer 0x55f74a1c9930 (4 bytes)
1761653186.284752 sending message 102 to peer 0x55f74a1c9930 (11 bytes)
1761653186.284753 sending message 108 to peer 0x55f74a1c9930 (24 bytes)
1761653186.284755 sending message 112 to peer 0x55f74a1c9930 (58 bytes)
1761653186.284756 sending message 112 to peer 0x55f74a1c9930 (5 bytes)
1761653186.284757 sending message 112 to peer 0x55f74a1c9930 (5 bytes)
1761653186.284759 sending message 112 to peer 0x55f74a1c9930 (6 bytes)
1761653186.284760 sending message 112 to peer 0x55f74a1c9930 (6 bytes)
1761653186.284761 sending message 112 to peer 0x55f74a1c9930 (11 bytes)
1761653186.284762 sending message 112 to peer 0x55f74a1c9930 (10 bytes)
1761653186.284764 sending message 112 to peer 0x55f74a1c9930 (13 bytes)
1761653186.284765 sending message 112 to peer 0x55f74a1c9930 (14 bytes)
1761653186.284766 sending message 112 to peer 0x55f74a1c9930 (19 bytes)
1761653186.284767 sending message 112 to peer 0x55f74a1c9930 (11 bytes)
1761653186.284769 sending message 112 to peer 0x55f74a1c9930 (10 bytes)
1761653186.284770 sending message 112 to peer 0x55f74a1c9930 (15 bytes)
1761653186.284771 sending message 112 to peer 0x55f74a1c9930 (21 bytes)
1761653186.284772 sending message 112 to peer 0x55f74a1c9930 (13 bytes)
1761653186.284774 sending message 112 to peer 0x55f74a1c9930 (7 bytes)
1761653186.284775 sending message 112 to peer 0x55f74a1c9930 (13 bytes)
1761653186.284776 sending message 112 to peer 0x55f74a1c9930 (7 bytes)
1761653186.284777 sending message 112 to peer 0x55f74a1c9930 (13 bytes)
1761653186.284779 sending message 112 to peer 0x55f74a1c9930 (9 bytes)
1761653186.284780 sending message 112 to peer 0x55f74a1c9930 (21 bytes)
1761653186.284781 sending message 112 to peer 0x55f74a1c9930 (13 bytes)
1761653186.284783 sending message 112 to peer 0x55f74a1c9930 (9 bytes)
1761653186.284784 sending message 112 to peer 0x55f74a1c9930 (16 bytes)
1761653186.284785 sending message 112 to peer 0x55f74a1c9930 (13 bytes)
1761653186.284786 sending message 112 to peer 0x55f74a1c9930 (9 bytes)
1761653186.284788 sending message 112 to peer 0x55f74a1c9930 (9 bytes)
1761653186.284789 sending message 112 to peer 0x55f74a1c9930 (12 bytes)
1761653186.284790 sending message 112 to peer 0x55f74a1c9930 (8 bytes)
1761653186.284791 sending message 112 to peer 0x55f74a1c9930 (8 bytes)
1761653186.284792 sending message 112 to peer 0x55f74a1c9930 (13 bytes)
1761653186.284794 sending message 112 to peer 0x55f74a1c9930 (7 bytes)
1761653186.284795 sending message 112 to peer 0x55f74a1c9930 (7 bytes)
1761653186.284796 sending message 112 to peer 0x55f74a1c9930 (9 bytes)
1761653186.284798 sending message 112 to peer 0x55f74a1c9930 (9 bytes)
1761653186.284799 sending message 112 to peer 0x55f74a1c9930 (15 bytes)
1761653186.284800 sending message 112 to peer 0x55f74a1c9930 (13 bytes)
1761653186.284801 sending message 112 to peer 0x55f74a1c9930 (12 bytes)
1761653186.284803 sending message 112 to peer 0x55f74a1c9930 (8 bytes)
1761653186.284804 sending message 112 to peer 0x55f74a1c9930 (14 bytes)
1761653186.284805 sending message 112 to peer 0x55f74a1c9930 (11 bytes)
1761653186.284806 sending message 112 to peer 0x55f74a1c9930 (9 bytes)
1761653186.284808 sending message 112 to peer 0x55f74a1c9930 (10 bytes)
1761653186.284809 sending message 112 to peer 0x55f74a1c9930 (10 bytes)
1761653186.284810 sending message 112 to peer 0x55f74a1c9930 (10 bytes)
1761653186.284816 sending message 112 to peer 0x55f74a1c9930 (10 bytes)
1761653186.284822 sending message 112 to peer 0x55f74a1c9930 (11 bytes)
1761653186.284823 sending message 112 to peer 0x55f74a1c9930 (12 bytes)
1761653186.284824 sending message 112 to peer 0x55f74a1c9930 (12 bytes)
1761653186.284825 sending message 112 to peer 0x55f74a1c9930 (12 bytes)
1761653186.284827 sending message 112 to peer 0x55f74a1c9930 (12 bytes)
1761653186.284828 sending message 112 to peer 0x55f74a1c9930 (12 bytes)
1761653186.284829 sending message 112 to peer 0x55f74a1c9930 (11 bytes)
1761653186.284830 sending message 112 to peer 0x55f74a1c9930 (11 bytes)
1761653186.284832 sending message 112 to peer 0x55f74a1c9930 (12 bytes)
1761653186.284833 sending message 112 to peer 0x55f74a1c9930 (12 bytes)
1761653186.284834 sending message 112 to peer 0x55f74a1c9930 (12 bytes)
1761653186.284836 sending message 112 to peer 0x55f74a1c9930 (12 bytes)
1761653186.284837 sending message 112 to peer 0x55f74a1c9930 (12 bytes)
1761653186.284838 sending message 112 to peer 0x55f74a1c9930 (9 bytes)
1761653186.284839 sending message 112 to peer 0x55f74a1c9930 (12 bytes)
1761653186.284841 sending message 112 to peer 0x55f74a1c9930 (13 bytes)
1761653186.284842 sending message 112 to peer 0x55f74a1c9930 (13 bytes)
1761653186.284843 sending message 112 to peer 0x55f74a1c9930 (13 bytes)
1761653186.284845 sending message 112 to peer 0x55f74a1c9930 (13 bytes)
1761653186.284846 sending message 112 to peer 0x55f74a1c9930 (13 bytes)
1761653186.284847 sending message 112 to peer 0x55f74a1c9930 (8 bytes)
1761653186.284848 sending message 112 to peer 0x55f74a1c9930 (11 bytes)
1761653186.284850 sending message 112 to peer 0x55f74a1c9930 (11 bytes)
1761653186.284851 sending message 112 to peer 0x55f74a1c9930 (11 bytes)
1761653186.284853 sending message 112 to peer 0x55f74a1c9930 (12 bytes)
1761653186.284855 sending message 112 to peer 0x55f74a1c9930 (12 bytes)
1761653186.284856 sending message 112 to peer 0x55f74a1c9930 (12 bytes)
1761653186.284858 sending message 112 to peer 0x55f74a1c9930 (12 bytes)
1761653186.284859 sending message 112 to peer 0x55f74a1c9930 (13 bytes)
1761653186.284860 sending message 112 to peer 0x55f74a1c9930 (13 bytes)
1761653186.284862 sending message 112 to peer 0x55f74a1c9930 (13 bytes)
1761653186.284863 sending message 112 to peer 0x55f74a1c9930 (8 bytes)
1761653186.284864 sending message 112 to peer 0x55f74a1c9930 (13 bytes)
1761653186.284866 sending message 112 to peer 0x55f74a1c9930 (13 bytes)
1761653186.284867 sending message 112 to peer 0x55f74a1c9930 (13 bytes)
1761653186.284868 sending message 112 to peer 0x55f74a1c9930 (13 bytes)
1761653186.284869 sending message 112 to peer 0x55f74a1c9930 (13 bytes)
1761653186.284871 sending message 112 to peer 0x55f74a1c9930 (12 bytes)
1761653186.284872 sending message 112 to peer 0x55f74a1c9930 (12 bytes)
1761653186.284873 sending message 112 to peer 0x55f74a1c9930 (12 bytes)
1761653186.284875 sending message 112 to peer 0x55f74a1c9930 (12 bytes)
1761653186.284876 sending message 112 to peer 0x55f74a1c9930 (13 bytes)
1761653186.284877 sending message 112 to peer 0x55f74a1c9930 (8 bytes)
1761653186.284878 sending message 112 to peer 0x55f74a1c9930 (13 bytes)
1761653186.284881 sending message 112 to peer 0x55f74a1c9930 (13 bytes)
1761653186.284882 sending message 112 to peer 0x55f74a1c9930 (13 bytes)
1761653186.284883 sending message 112 to peer 0x55f74a1c9930 (13 bytes)
1761653186.284885 sending message 112 to peer 0x55f74a1c9930 (13 bytes)
1761653186.284886 sending message 112 to peer 0x55f74a1c9930 (13 bytes)
1761653186.284887 sending message 112 to peer 0x55f74a1c9930 (13 bytes)
1761653186.284888 sending message 112 to peer 0x55f74a1c9930 (12 bytes)
1761653186.284889 sending message 112 to peer 0x55f74a1c9930 (12 bytes)
1761653186.284891 sending message 112 to peer 0x55f74a1c9930 (12 bytes)
1761653186.284892 sending message 112 to peer 0x55f74a1c9930 (8 bytes)
1761653186.284893 sending message 112 to peer 0x55f74a1c9930 (12 bytes)
1761653186.284895 sending message 112 to peer 0x55f74a1c9930 (13 bytes)
1761653186.284897 sending message 112 to peer 0x55f74a1c9930 (13 bytes)
1761653186.284899 sending message 112 to peer 0x55f74a1c9930 (13 bytes)
1761653186.284901 sending message 112 to peer 0x55f74a1c9930 (13 bytes)
1761653186.284902 sending message 112 to peer 0x55f74a1c9930 (13 bytes)
1761653186.284903 sending message 112 to peer 0x55f74a1c9930 (13 bytes)
1761653186.284904 sending message 112 to peer 0x55f74a1c9930 (13 bytes)
1761653186.284906 sending message 112 to peer 0x55f74a1c9930 (13 bytes)
1761653186.284907 sending message 112 to peer 0x55f74a1c9930 (12 bytes)
1761653186.284908 sending message 112 to peer 0x55f74a1c9930 (10 bytes)
1761653186.284909 sending message 112 to peer 0x55f74a1c9930 (12 bytes)
1761653186.284911 sending message 112 to peer 0x55f74a1c9930 (12 bytes)
1761653186.284912 sending message 112 to peer 0x55f74a1c9930 (12 bytes)
1761653186.284913 sending message 112 to peer 0x55f74a1c9930 (13 bytes)
1761653186.284914 sending message 112 to peer 0x55f74a1c9930 (13 bytes)
1761653186.284916 sending message 112 to peer 0x55f74a1c9930 (13 bytes)
1761653186.284917 sending message 112 to peer 0x55f74a1c9930 (13 bytes)
1761653186.284918 sending message 112 to peer 0x55f74a1c9930 (13 bytes)
1761653186.284919 sending message 112 to peer 0x55f74a1c9930 (13 bytes)
1761653186.284921 sending message 112 to peer 0x55f74a1c9930 (13 bytes)
1761653186.284922 sending message 112 to peer 0x55f74a1c9930 (10 bytes)
1761653186.284923 sending message 112 to peer 0x55f74a1c9930 (13 bytes)
1761653186.284924 sending message 112 to peer 0x55f74a1c9930 (12 bytes)
1761653186.284925 sending message 112 to peer 0x55f74a1c9930 (12 bytes)
1761653186.284927 sending message 112 to peer 0x55f74a1c9930 (12 bytes)
1761653186.284928 sending message 112 to peer 0x55f74a1c9930 (10 bytes)
1761653186.284929 sending message 112 to peer 0x55f74a1c9930 (10 bytes)
1761653186.284930 sending message 112 to peer 0x55f74a1c9930 (10 bytes)
1761653186.284932 sending message 112 to peer 0x55f74a1c9930 (12 bytes)
1761653186.284933 sending message 112 to peer 0x55f74a1c9930 (13 bytes)
1761653186.284934 sending message 112 to peer 0x55f74a1c9930 (13 bytes)
1761653186.284935 sending message 112 to peer 0x55f74a1c9930 (13 bytes)
1761653186.284937 sending message 112 to peer 0x55f74a1c9930 (13 bytes)
1761653186.284938 sending message 112 to peer 0x55f74a1c9930 (13 bytes)
1761653186.284939 sending message 112 to peer 0x55f74a1c9930 (10 bytes)
1761653186.284940 sending message 112 to peer 0x55f74a1c9930 (11 bytes)
1761653186.284942 sending message 112 to peer 0x55f74a1c9930 (12 bytes)
1761653186.284943 sending message 112 to peer 0x55f74a1c9930 (12 bytes)
1761653186.284944 sending message 112 to peer 0x55f74a1c9930 (12 bytes)
1761653186.284945 sending message 112 to peer 0x55f74a1c9930 (12 bytes)
1761653186.284947 sending message 112 to peer 0x55f74a1c9930 (12 bytes)
1761653186.284948 sending message 112 to peer 0x55f74a1c9930 (11 bytes)
1761653186.284949 sending message 112 to peer 0x55f74a1c9930 (12 bytes)
1761653186.284950 sending message 112 to peer 0x55f74a1c9930 (12 bytes)
1761653186.284951 sending message 112 to peer 0x55f74a1c9930 (13 bytes)
1761653186.284953 sending message 112 to peer 0x55f74a1c9930 (13 bytes)
1761653186.284954 sending message 112 to peer 0x55f74a1c9930 (13 bytes)
1761653186.284955 sending message 112 to peer 0x55f74a1c9930 (13 bytes)
1761653186.284956 sending message 112 to peer 0x55f74a1c9930 (13 bytes)
1761653186.284958 sending message 112 to peer 0x55f74a1c9930 (10 bytes)
1761653186.284959 sending message 112 to peer 0x55f74a1c9930 (9 bytes)
1761653186.284960 sending message 112 to peer 0x55f74a1c9930 (12 bytes)
1761653186.284961 sending message 112 to peer 0x55f74a1c9930 (13 bytes)
1761653186.284963 sending message 112 to peer 0x55f74a1c9930 (13 bytes)
1761653186.284964 sending message 112 to peer 0x55f74a1c9930 (13 bytes)
1761653186.284965 sending message 112 to peer 0x55f74a1c9930 (13 bytes)
1761653186.284966 sending message 112 to peer 0x55f74a1c9930 (13 bytes)
1761653186.284968 sending message 112 to peer 0x55f74a1c9930 (9 bytes)
1761653186.284970 sending message 112 to peer 0x55f74a1c9930 (12 bytes)
1761653186.284972 sending message 112 to peer 0x55f74a1c9930 (13 bytes)
1761653186.284973 sending message 112 to peer 0x55f74a1c9930 (13 bytes)
1761653186.284974 sending message 112 to peer 0x55f74a1c9930 (13 bytes)
1761653186.284976 sending message 112 to peer 0x55f74a1c9930 (13 bytes)
1761653186.284977 sending message 112 to peer 0x55f74a1c9930 (13 bytes)
1761653186.284978 sending message 112 to peer 0x55f74a1c9930 (11 bytes)
1761653186.284979 sending message 112 to peer 0x55f74a1c9930 (12 bytes)
1761653186.284981 sending message 112 to peer 0x55f74a1c9930 (13 bytes)
1761653186.284982 sending message 112 to peer 0x55f74a1c9930 (13 bytes)
1761653186.284983 sending message 112 to peer 0x55f74a1c9930 (13 bytes)
1761653186.284984 sending message 112 to peer 0x55f74a1c9930 (13 bytes)
1761653186.284986 sending message 112 to peer 0x55f74a1c9930 (13 bytes)
1761653186.284987 sending message 112 to peer 0x55f74a1c9930 (11 bytes)
1761653186.284988 sending message 112 to peer 0x55f74a1c9930 (12 bytes)
1761653186.284989 sending message 112 to peer 0x55f74a1c9930 (12 bytes)
1761653186.284990 sending message 112 to peer 0x55f74a1c9930 (12 bytes)
1761653186.284992 sending message 112 to peer 0x55f74a1c9930 (12 bytes)
1761653186.284993 sending message 112 to peer 0x55f74a1c9930 (12 bytes)
1761653186.284994 sending message 112 to peer 0x55f74a1c9930 (21 bytes)
1761653186.284996 sending message 112 to peer 0x55f74a1c9930 (12 bytes)
1761653186.284997 sending message 112 to peer 0x55f74a1c9930 (9 bytes)
1761653186.284998 sending message 112 to peer 0x55f74a1c9930 (6 bytes)
1761653186.285000 sending message 112 to peer 0x55f74a1c9930 (13 bytes)
1761653186.285001 sending message 112 to peer 0x55f74a1c9930 (10 bytes)
1761653186.285002 sending message 112 to peer 0x55f74a1c9930 (24 bytes)
1761653186.285003 sending message 112 to peer 0x55f74a1c9930 (13 bytes)
1761653186.285005 sending message 112 to peer 0x55f74a1c9930 (9 bytes)
1761653186.285006 sending message 112 to peer 0x55f74a1c9930 (70 bytes)
1761653186.285008 sending message 112 to peer 0x55f74a1c9930 (69 bytes)
1761653186.285009 sending message 112 to peer 0x55f74a1c9930 (12 bytes)
1761653186.285010 sending message 112 to peer 0x55f74a1c9930 (10 bytes)
1761653186.285012 sending message 112 to peer 0x55f74a1c9930 (10 bytes)
1761653186.285013 sending message 112 to peer 0x55f74a1c9930 (24 bytes)
1761653186.285014 sending message 112 to peer 0x55f74a1c9930 (13 bytes)
1761653186.285015 sending message 112 to peer 0x55f74a1c9930 (10 bytes)
1761653186.285017 sending message 112 to peer 0x55f74a1c9930 (10 bytes)
1761653186.285018 sending message 112 to peer 0x55f74a1c9930 (10 bytes)
1761653186.285019 sending message 112 to peer 0x55f74a1c9930 (13 bytes)
1761653186.285021 sending message 112 to peer 0x55f74a1c9930 (15 bytes)
1761653186.285022 sending message 112 to peer 0x55f74a1c9930 (5 bytes)
1761653186.285023 sending message 104 to peer 0x55f74a1c9930 (0 bytes)
1761653186.285025 sending message 110 to peer 0x55f74a1c9930 (0 bytes)
1761653186.285027 sending message 107 to peer 0x55f74a1c9930 (4 bytes)
1761653186.285028 sending message 105 to peer 0x55f74a1c9930 (40 bytes)
1761653186.285030 sending message 105 to peer 0x55f74a1c9930 (64 bytes)
1761653186.285031 sending message 105 to peer 0x55f74a1c9930 (35 bytes)
1761653186.285032 sending message 105 to peer 0x55f74a1c9930 (15 bytes)
1761653186.285034 sending message 105 to peer 0x55f74a1c9930 (20 bytes)
1761653186.285035 sending message 105 to peer 0x55f74a1c9930 (54 bytes)
1761653186.285036 sending message 105 to peer 0x55f74a1c9930 (40 bytes)
1761653186.285038 sending message 105 to peer 0x55f74a1c9930 (55 bytes)
1761653186.285039 sending message 105 to peer 0x55f74a1c9930 (23 bytes)
1761653186.285040 sending message 105 to peer 0x55f74a1c9930 (11 bytes)
1761653186.285042 sending message 105 to peer 0x55f74a1c9930 (71 bytes)
1761653186.285043 sending message 105 to peer 0x55f74a1c9930 (30 bytes)
1761653186.285044 sending message 105 to peer 0x55f74a1c9930 (12 bytes)
1761653186.285047 sending message 105 to peer 0x55f74a1c9930 (21 bytes)
1761653186.285048 sending message 105 to peer 0x55f74a1c9930 (318 bytes)
1761653186.285050 sending message 105 to peer 0x55f74a1c9930 (375 bytes)
1761653186.285051 sending message 105 to peer 0x55f74a1c9930 (38 bytes)
1761653186.285053 sending message 105 to peer 0x55f74a1c9930 (25 bytes)
1761653186.285054 sending message 105 to peer 0x55f74a1c9930 (19 bytes)
1761653186.285055 sending message 105 to peer 0x55f74a1c9930 (41 bytes)
1761653186.285057 sending message 105 to peer 0x55f74a1c9930 (71 bytes)
1761653186.285058 sending message 105 to peer 0x55f74a1c9930 (23 bytes)
1761653186.285059 sending message 105 to peer 0x55f74a1c9930 (17 bytes)
1761653186.285061 sending message 105 to peer 0x55f74a1c9930 (16 bytes)
1761653186.285063 sending message 105 to peer 0x55f74a1c9930 (17 bytes)
1761653186.285064 sending message 105 to peer 0x55f74a1c9930 (24 bytes)
1761653186.285066 sending message 105 to peer 0x55f74a1c9930 (43 bytes)
1761653186.285067 sending message 105 to peer 0x55f74a1c9930 (47 bytes)
1761653186.285068 sending message 105 to peer 0x55f74a1c9930 (46 bytes)
1761653186.285069 sending message 105 to peer 0x55f74a1c9930 (23 bytes)
1761653186.285071 sending message 105 to peer 0x55f74a1c9930 (13 bytes)
1761653186.285072 sending message 105 to peer 0x55f74a1c9930 (28 bytes)
1761653186.285073 sending message 105 to peer 0x55f74a1c9930 (22 bytes)
1761653186.285075 sending message 105 to peer 0x55f74a1c9930 (21 bytes)
1761653186.285076 sending message 105 to peer 0x55f74a1c9930 (22 bytes)
1761653186.285077 sending message 105 to peer 0x55f74a1c9930 (36 bytes)
1761653186.285078 sending message 105 to peer 0x55f74a1c9930 (17 bytes)
1761653186.285080 sending message 105 to peer 0x55f74a1c9930 (15 bytes)
1761653186.285081 sending message 105 to peer 0x55f74a1c9930 (22 bytes)
1761653186.285082 sending message 105 to peer 0x55f74a1c9930 (29 bytes)
1761653186.285084 sending message 105 to peer 0x55f74a1c9930 (26 bytes)
1761653186.285085 sending message 105 to peer 0x55f74a1c9930 (23 bytes)
1761653186.285086 sending message 105 to peer 0x55f74a1c9930 (19 bytes)
1761653186.285088 sending message 105 to peer 0x55f74a1c9930 (22 bytes)
1761653186.285089 sending message 105 to peer 0x55f74a1c9930 (20 bytes)
1761653186.285090 sending message 105 to peer 0x55f74a1c9930 (24 bytes)
1761653186.285091 sending message 105 to peer 0x55f74a1c9930 (19 bytes)
1761653186.285092 sending message 105 to peer 0x55f74a1c9930 (31 bytes)
1761653186.285094 sending message 105 to peer 0x55f74a1c9930 (44 bytes)
1761653186.285095 sending message 105 to peer 0x55f74a1c9930 (35 bytes)
1761653186.285096 sending message 105 to peer 0x55f74a1c9930 (23 bytes)
1761653186.285097 sending message 105 to peer 0x55f74a1c9930 (23 bytes)
1761653186.285099 sending message 105 to peer 0x55f74a1c9930 (20 bytes)
1761653186.285100 sending message 105 to peer 0x55f74a1c9930 (20 bytes)
1761653186.285101 sending message 105 to peer 0x55f74a1c9930 (27 bytes)
1761653186.285103 sending message 105 to peer 0x55f74a1c9930 (20 bytes)
1761653186.285104 sending message 105 to peer 0x55f74a1c9930 (23 bytes)
1761653186.285105 sending message 105 to peer 0x55f74a1c9930 (25 bytes)
1761653186.285106 sending message 105 to peer 0x55f74a1c9930 (13 bytes)
1761653186.285108 sending message 105 to peer 0x55f74a1c9930 (1911 bytes)
1761653186.285116 sending message 105 to peer 0x55f74a1c9930 (26 bytes)
1761653186.285117 sending message 105 to peer 0x55f74a1c9930 (16 bytes)
1761653186.285119 sending message 105 to peer 0x55f74a1c9930 (11 bytes)
1761653186.285120 sending message 105 to peer 0x55f74a1c9930 (41 bytes)
1761653186.285121 sending message 105 to peer 0x55f74a1c9930 (140 bytes)
1761653186.285123 sending message 105 to peer 0x55f74a1c9930 (51 bytes)
1761653186.285124 sending message 105 to peer 0x55f74a1c9930 (26 bytes)
1761653186.285125 sending message 105 to peer 0x55f74a1c9930 (73 bytes)
1761653186.285127 sending message 105 to peer 0x55f74a1c9930 (16 bytes)
1761653186.285128 sending message 105 to peer 0x55f74a1c9930 (16 bytes)
1761653186.285130 sending message 105 to peer 0x55f74a1c9930 (22 bytes)
1761653186.285132 sending message 105 to peer 0x55f74a1c9930 (18 bytes)
1761653186.285133 sending message 105 to peer 0x55f74a1c9930 (50 bytes)
1761653186.285134 sending message 105 to peer 0x55f74a1c9930 (527 bytes)
1761653186.285135 sending message 105 to peer 0x55f74a1c9930 (28 bytes)
1761653186.285137 sending message 105 to peer 0x55f74a1c9930 (54 bytes)
1761653186.285138 sending message 105 to peer 0x55f74a1c9930 (23 bytes)
1761653186.285139 sending message 105 to peer 0x55f74a1c9930 (35 bytes)
1761653186.285140 sending message 105 to peer 0x55f74a1c9930 (78 bytes)
1761653186.285142 sending message 105 to peer 0x55f74a1c9930 (19 bytes)
1761653186.285143 sending message 105 to peer 0x55f74a1c9930 (33 bytes)
1761653186.285144 sending message 105 to peer 0x55f74a1c9930 (46 bytes)
1761653186.285146 sending message 105 to peer 0x55f74a1c9930 (26 bytes)
1761653186.285147 sending message 105 to peer 0x55f74a1c9930 (22 bytes)
1761653186.285148 sending message 105 to peer 0x55f74a1c9930 (20 bytes)
1761653186.285150 sending message 105 to peer 0x55f74a1c9930 (19 bytes)
1761653186.285151 sending message 105 to peer 0x55f74a1c9930 (10 bytes)
1761653186.285152 sending message 105 to peer 0x55f74a1c9930 (26 bytes)
1761653186.285155 sending message 105 to peer 0x55f74a1c9930 (24 bytes)
1761653186.285156 sending message 105 to peer 0x55f74a1c9930 (39 bytes)
1761653186.285158 sending message 105 to peer 0x55f74a1c9930 (33 bytes)
1761653186.285160 sending message 105 to peer 0x55f74a1c9930 (104 bytes)
1761653186.285162 sending message 105 to peer 0x55f74a1c9930 (35 bytes)
1761653186.285163 sending message 105 to peer 0x55f74a1c9930 (24 bytes)
1761653186.285164 sending message 105 to peer 0x55f74a1c9930 (119 bytes)
1761653186.285165 sending message 105 to peer 0x55f74a1c9930 (38 bytes)
1761653186.285167 sending message 105 to peer 0x55f74a1c9930 (24 bytes)
1761653186.285168 sending message 105 to peer 0x55f74a1c9930 (31 bytes)
1761653186.285169 sending message 105 to peer 0x55f74a1c9930 (15 bytes)
1761653186.285170 sending message 105 to peer 0x55f74a1c9930 (52 bytes)
1761653186.285172 sending message 105 to peer 0x55f74a1c9930 (23 bytes)
1761653186.285173 sending message 105 to peer 0x55f74a1c9930 (24 bytes)
1761653186.285174 sending message 105 to peer 0x55f74a1c9930 (17 bytes)
1761653186.285175 sending message 105 to peer 0x55f74a1c9930 (58 bytes)
1761653186.285177 sending message 105 to peer 0x55f74a1c9930 (25 bytes)
1761653186.285178 sending message 105 to peer 0x55f74a1c9930 (11 bytes)
1761653186.285179 sending message 105 to peer 0x55f74a1c9930 (26 bytes)
1761653186.285180 sending message 105 to peer 0x55f74a1c9930 (41 bytes)
1761653186.285182 sending message 105 to peer 0x55f74a1c9930 (33 bytes)
1761653186.285183 sending message 105 to peer 0x55f74a1c9930 (28 bytes)
1761653186.285184 sending message 105 to peer 0x55f74a1c9930 (34 bytes)
1761653186.285186 sending message 105 to peer 0x55f74a1c9930 (8 bytes)
1761653186.285187 sending message 105 to peer 0x55f74a1c9930 (8 bytes)
1761653186.285188 sending message 105 to peer 0x55f74a1c9930 (39 bytes)
1761653186.285190 sending message 105 to peer 0x55f74a1c9930 (52 bytes)
1761653186.285191 sending message 105 to peer 0x55f74a1c9930 (54 bytes)
1761653186.285192 sending message 105 to peer 0x55f74a1c9930 (15 bytes)
1761653186.285193 sending message 105 to peer 0x55f74a1c9930 (23 bytes)
1761653186.285195 sending message 105 to peer 0x55f74a1c9930 (29 bytes)
1761653186.285196 sending message 105 to peer 0x55f74a1c9930 (28 bytes)
1761653186.285197 sending message 105 to peer 0x55f74a1c9930 (21 bytes)
1761653186.285199 sending message 105 to peer 0x55f74a1c9930 (17 bytes)
1761653186.285200 sending message 105 to peer 0x55f74a1c9930 (29 bytes)
1761653186.285201 sending message 105 to peer 0x55f74a1c9930 (34 bytes)
1761653186.285203 sending message 105 to peer 0x55f74a1c9930 (53 bytes)
1761653186.285204 sending message 105 to peer 0x55f74a1c9930 (16 bytes)
1761653186.285205 sending message 106 to peer 0x55f74a1c9930 (0 bytes)
1761653186.285229 sending message 200 to peer 0x55f74a1c9930 (4 bytes)
1761653186.285231 client loop enter
1761653186.288381 peer 0x55f74a1c9930 message 207
1761653186.288388 sending message 208 to peer 0x55f74a1c9930 (0 bytes)
1761653216.572331 peer 0x55f74a1c9930 message 201
1761653216.572348 sending message 205 to peer 0x55f74a1c9930 (0 bytes)
1761653216.572925 peer 0x55f74a1c9930 message 204
1761653216.572936 client loop exit
